Flat profile:

Each sample counts as 0.01 seconds.
  %   cumulative   self              self     total           
 time   seconds   seconds    calls  ms/call  ms/call  name    
 23.62      0.30     0.30   109954     0.00     0.00  Integrals::third(Particle const*, int const*, int, Particle, Particle, int, int, double, double*&, int*&, double*&, double*&, double*&, double&, int&, int)
 18.90      0.54     0.24    90270     0.00     0.00  Integrals::fourth(Particle const*, int const*, int, Particle, Particle, Particle, int, int, int, double, double const*, int const*, double const*, double const*, double const*, double, int, double*&, double*&, double&, int&, int)
 10.24      0.67     0.13    74964     0.00     0.00  Integrals::fifth(Particle const*, int const*, int, Particle, Particle, Particle, Particle, int, int, int, int, double, double const*, int const*, double const*, double const*, double const*, double const*, double, int, double*&, double&, double&, int&, int)
  5.51      0.74     0.07    62671     0.00     0.00  Integrals::sixth(Particle const*, int const*, int, Particle, Particle, Particle, Particle, Particle, int, int, int, int, int, double, double const*, int const*, double const*, double const*, double const*, double const*, double, double, int, int)
  3.94      0.79     0.05   589441     0.00     0.00  compute_integral::draw_particle(ThreeVector<int>, Particle&, int&, ThreeVector<int>, Grid*, int&, gsl_rng*)
  3.94      0.84     0.05        1    50.00    72.27  Grid::Grid(Particle*, int, ThreeVector<double>, int, ThreeVector<double>, double)
  3.15      0.88     0.04  8003376     0.00     0.00  ThreeVector<double>::ThreeVector<double, double, double>(double, double, double)
  2.36      0.91     0.03  2252016     0.00     0.00  Integrals::get_radial_bin(double)
  2.36      0.94     0.03  1397796     0.00     0.00  SurveyCorrection::correction_function_3pcf(int, int, double)
  2.36      0.97     0.03        1    30.00    30.00  read_particles(double, int*, char const*, int, unsigned long long)
  1.57      0.99     0.02  4869242     0.00     0.00  ThreeVector<PromoteNumeric<double, double>::type> operator-<double, double>(ThreeVector<double> const&, ThreeVector<double> const&)
  1.57      1.01     0.02  1214820     0.00     0.00  RandomDraws::xi_integrand(unsigned int, double const*, void*, unsigned int, double*)
  1.57      1.03     0.02  1071741     0.00     0.00  Integrals::all_bins(double*, double*, int, int)
  1.57      1.05     0.02   177238     0.00     0.00  compute_integral::particle_list(int, Particle*&, int*&, Grid*)
  1.57      1.07     0.02        4     5.00     5.00  Integrals::normalize(double, double, double, double, double)
  1.57      1.09     0.02        2    10.00    10.00  Integrals::frobenius_difference_sum(Integrals*, int, double&, double&, double&, double&)
  1.57      1.11     0.02        1    20.00    20.00  Grid::copy(Grid*)
  1.57      1.13     0.02                             ransampl_draw
  1.57      1.15     0.02                             rule15gauss_evalError
  0.79      1.16     0.01  4118656     0.00     0.00  PromoteNumeric<double, double>::type ThreeVector<double>::dot<double>(ThreeVector<double> const&) const
  0.79      1.17     0.01  1397796     0.00     0.00  legendre_polynomials(double, int, double*)
  0.79      1.18     0.01   903433     0.00     0.00  CorrelationFunction::xi(double, double)
  0.79      1.19     0.01   766703     0.00     0.00  ThreeVector<int>::ThreeVector()
  0.79      1.20     0.01   642051     0.00     0.00  Grid::pos_to_cell(ThreeVector<double>)
  0.79      1.21     0.01   431710     0.00     0.00  RandomDraws::random_xidraw(gsl_rng*, double*)
  0.79      1.22     0.01   157731     0.00     0.00  RandomDraws::random_cubedraw(gsl_rng*, double*)
  0.79      1.23     0.01        4     2.50     2.50  Integrals::save_integrals(char*, bool, int)
  0.79      1.24     0.01        3     3.33     3.33  RandomDraws::~RandomDraws()
  0.79      1.25     0.01        2     5.00   533.89  compute_integral::compute_integral(Grid*, Parameters*, CorrelationFunction*, RandomDraws*, SurveyCorrection*, int)
  0.79      1.26     0.01        2     5.00     5.00  Integrals::sum_ints(Integrals*)
  0.79      1.27     0.01                             cut_region
  0.00      1.27     0.00  3536369     0.00     0.00  ThreeVector<double>::norm() const
  0.00      1.27     0.00  1260585     0.00     0.00  ThreeVector<PromoteNumeric<double, double>::type> operator+<double, double>(ThreeVector<double> const&, ThreeVector<double> const&)
  0.00      1.27     0.00  1231493     0.00     0.00  ThreeVector<int>::ThreeVector<double>(ThreeVector<double> const&)
  0.00      1.27     0.00  1221615     0.00     0.00  Grid::wrap_cell(ThreeVector<int>)
  0.00      1.27     0.00  1214820     0.00     0.00  CorrelationFunction::xi(double)
  0.00      1.27     0.00  1071741     0.00     0.00  Integrals::triangle_bins(ThreeVector<double>, ThreeVector<double>, ThreeVector<double>, double*, double*, double, int)
  0.00      1.27     0.00   642053     0.00     0.00  ThreeVector<float>::ThreeVector<double>(ThreeVector<double> const&)
  0.00      1.27     0.00   642053     0.00     0.00  ThreeVector<PromoteNumeric<double, double>::type> operator/<double, double>(ThreeVector<double> const&, double)
  0.00      1.27     0.00   642051     0.00     0.00  floor3(ThreeVector<float>)
  0.00      1.27     0.00   589441     0.00     0.00  RandomDraws::cubifyindex(int, int)
  0.00      1.27     0.00   589441     0.00     0.00  ThreeVector<int>::ThreeVector<int, int, int>(int, int, int)
  0.00      1.27     0.00   589441     0.00     0.00  Grid::cell_sep(ThreeVector<int>)
  0.00      1.27     0.00   589441     0.00     0.00  Grid::test_cell(ThreeVector<int>)
  0.00      1.27     0.00   589441     0.00     0.00  ThreeVector<PromoteNumeric<double, int>::type> operator*<double, int>(double, ThreeVector<int> const&)
  0.00      1.27     0.00   589441     0.00     0.00  ThreeVector<PromoteNumeric<int, int>::type> operator+<int, int>(ThreeVector<int> const&, ThreeVector<int> const&)
  0.00      1.27     0.00   522513     0.00     0.00  Integrals::compute_los(ThreeVector<double>, ThreeVector<double>, double)
  0.00      1.27     0.00   447837     0.00     0.00  ThreeVector<double>::ThreeVector()
  0.00      1.27     0.00   380920     0.00     0.00  Integrals::cleanup_l(ThreeVector<double>, ThreeVector<double>, double&, double&)
  0.00      1.27     0.00   337869     0.00     0.00  Particle::Particle()
  0.00      1.27     0.00   177238     0.00     0.00  Grid::cell_id_from_1d(int)
  0.00      1.27     0.00      686     0.00     0.00  RandomDraws::r2prob(double, double)
  0.00      1.27     0.00       47     0.00     0.00  CorrelationFunction::readLine(char*, double**, int*)
  0.00      1.27     0.00        7     0.00     0.00  CorrelationFunction::interpolate()
  0.00      1.27     0.00        6     0.00     0.00  STimer::Stop()
  0.00      1.27     0.00        6     0.00     0.00  STimer::Start()
  0.00      1.27     0.00        6     0.00     0.00  STimer::Elapsed()
  0.00      1.27     0.00        6     0.00     0.00  Integrals::reset()
  0.00      1.27     0.00        5     0.00     0.00  STimer::STimer()
  0.00      1.27     0.00        4     0.00     0.00  CorrelationFunction::copy(int&, int&, double**, double**, double**, double&, double&, double&, double&, bool&)
  0.00      1.27     0.00        4     0.00     0.00  CorrelationFunction::CorrelationFunction(CorrelationFunction*)
  0.00      1.27     0.00        4     0.00     0.00  STimer::~STimer()
  0.00      1.27     0.00        4     0.00     0.00  Integrals::init(Parameters*)
  0.00      1.27     0.00        4     0.00     0.00  Integrals::Integrals(Parameters*, CorrelationFunction*, SurveyCorrection*)
  0.00      1.27     0.00        4     0.00     0.00  Integrals::~Integrals()
  0.00      1.27     0.00        4     0.00     0.00  std::uniform_int_distribution<unsigned int>::param_type::a() const
  0.00      1.27     0.00        3     0.00     0.00  CorrelationFunction::~CorrelationFunction()
  0.00      1.27     0.00        2     0.00     0.00  ceil3(ThreeVector<float>)
  0.00      1.27     0.00        2     0.00     0.00  RandomDraws::integData2(double**, long*, int (*)(unsigned int, double const*, void*, unsigned int, double*), int, double)
  0.00      1.27     0.00        2     0.00     0.00  RandomDraws::compute_r2_prob(double**, long*, int, double)
  0.00      1.27     0.00        2     0.00     0.00  RandomDraws::copy(RandomDraws*)
  0.00      1.27     0.00        2     0.00     0.00  RandomDraws::RandomDraws(CorrelationFunction*, Parameters*, double const*, long)
  0.00      1.27     0.00        2     0.00     0.00  SurveyCorrection::~SurveyCorrection()
  0.00      1.27     0.00        2     0.00     0.00  compute_integral::check_threads(Parameters*, int)
  0.00      1.27     0.00        2     0.00     0.00  CorrelationFunction::copy_function(CorrelationFunction*)
  0.00      1.27     0.00        2     0.00     0.00  CorrelationFunction::CorrelationFunction()
  0.00      1.27     0.00        2     0.00     0.00  Grid::~Grid()
  0.00      1.27     0.00        2     0.00     0.00  Integrals::save_counts(unsigned long long, unsigned long long, unsigned long long, unsigned long long, int)
  0.00      1.27     0.00        2     0.00     0.00  Integrals::sum_total_counts(unsigned long long&, unsigned long long&, unsigned long long&, unsigned long long&)
  0.00      1.27     0.00        2     0.00     0.00  std::uniform_int_distribution<unsigned int>::param_type::b() const
  0.00      1.27     0.00        2     0.00     0.00  std::random_device::random_device(std::__cxx11::basic_string<char, std::char_traits<char>, std::allocator<char> > const&)
  0.00      1.27     0.00        2     0.00     0.00  std::random_device::~random_device()
  0.00      1.27     0.00        2     0.00     0.00  std::random_device::operator()()
  0.00      1.27     0.00        2     0.00     0.00  std::numeric_limits<unsigned int>::max()
  0.00      1.27     0.00        2     0.00     0.00  std::uniform_int_distribution<unsigned int>::param_type::param_type(unsigned int, unsigned int)
  0.00      1.27     0.00        2     0.00     0.00  std::uniform_int_distribution<unsigned int>::uniform_int_distribution(unsigned int, unsigned int)
  0.00      1.27     0.00        2     0.00     0.00  unsigned int std::uniform_int_distribution<unsigned int>::operator()<std::random_device>(std::random_device&)
  0.00      1.27     0.00        2     0.00     0.00  unsigned int std::uniform_int_distribution<unsigned int>::operator()<std::random_device>(std::random_device&, std::uniform_int_distribution<unsigned int>::param_type const&)
  0.00      1.27     0.00        1     0.00     0.00  _GLOBAL__sub_I__ZN6STimerC2Ev
  0.00      1.27     0.00        1     0.00     0.00  compute_bounding_box(Particle*, int, ThreeVector<double>&, double, ThreeVector<double>&, int)
  0.00      1.27     0.00        1     0.00     0.00  __static_initialization_and_destruction_0(int, int)
  0.00      1.27     0.00        1     0.00     0.00  Parameters::create_directory()
  0.00      1.27     0.00        1     0.00     0.00  Parameters::read_radial_binning(char*)
  0.00      1.27     0.00        1     0.00     0.00  Parameters::read_radial_binning_cf(char*)
  0.00      1.27     0.00        1     0.00     0.00  Parameters::Parameters(int, char**)
  0.00      1.27     0.00        1     0.00     0.00  RandomDraws::RandomDraws()
  0.00      1.27     0.00        1     0.00     0.00  SurveyCorrection::copy(SurveyCorrection*)
  0.00      1.27     0.00        1     0.00     0.00  SurveyCorrection::SurveyCorrection()
  0.00      1.27     0.00        1     0.00     0.00  SurveyCorrection::SurveyCorrection(Parameters*)
  0.00      1.27     0.00        1     0.00     0.00  compute_integral::compute_integral()
  0.00      1.27     0.00        1     0.00     0.00  CorrelationFunction::readData(char const*, double**, double**, double**, int*, int*)
  0.00      1.27     0.00        1     0.00     0.00  CorrelationFunction::CorrelationFunction(char const*, int, double)
  0.00      1.27     0.00        1     0.00     3.33  rescale_correlation::refine_wrapper(Parameters*, Grid*, CorrelationFunction*, RandomDraws*, int)
  0.00      1.27     0.00        1     0.00     0.00  rescale_correlation::rescale_correlation(Parameters*)
  0.00      1.27     0.00        1     0.00     0.00  rescale_correlation::~rescale_correlation()
  0.00      1.27     0.00        1     0.00     0.00  Grid::Grid()
  0.00      1.27     0.00        1     0.00     0.00  Integrals::Integrals()
  0.00      1.27     0.00        1     0.00     0.00  ThreeVector<PromoteNumeric<double, double>::type> operator*<double, double>(ThreeVector<double> const&, double)

 %         the percentage of the total running time of the
time       program used by this function.

cumulative a running sum of the number of seconds accounted
 seconds   for by this function and those listed above it.

 self      the number of seconds accounted for by this
seconds    function alone.  This is the major sort for this
           listing.

calls      the number of times this function was invoked, if
           this function is profiled, else blank.

 self      the average number of milliseconds spent in this
ms/call    function per call, if this function is profiled,
	   else blank.

 total     the average number of milliseconds spent in this
ms/call    function and its descendents per call, if this
	   function is profiled, else blank.

name       the name of the function.  This is the minor sort
           for this listing. The index shows the location of
	   the function in the gprof listing. If the index is
	   in parenthesis it shows where it would appear in
	   the gprof listing if it were to be printed.

Copyright (C) 2012-2015 Free Software Foundation, Inc.

Copying and distribution of this file, with or without modification,
are permitted in any medium without royalty provided the copyright
notice and this notice are preserved.

		     Call graph (explanation follows)


granularity: each sample hit covers 2 byte(s) for 0.79% of 1.27 seconds

index % time    self  children    called     name
                                                 <spontaneous>
[1]     94.5    0.00    1.20                 main [1]
                0.01    1.06       2/2           compute_integral::compute_integral(Grid*, Parameters*, CorrelationFunction*, RandomDraws*, SurveyCorrection*, int) [2]
                0.05    0.02       1/1           Grid::Grid(Particle*, int, ThreeVector<double>, int, ThreeVector<double>, double) [7]
                0.03    0.00       1/1           read_particles(double, int*, char const*, int, unsigned long long) [15]
                0.02    0.00       1/1           Grid::copy(Grid*) [23]
                0.01    0.00       2/3           RandomDraws::~RandomDraws() [33]
                0.00    0.00       1/1           rescale_correlation::refine_wrapper(Parameters*, Grid*, CorrelationFunction*, RandomDraws*, int) [39]
                0.00    0.00       1/1           compute_bounding_box(Particle*, int, ThreeVector<double>&, double, ThreeVector<double>&, int) [45]
                0.00    0.00       1/1           Grid::Grid() [46]
                0.00    0.00       1/1           Parameters::Parameters(int, char**) [48]
                0.00    0.00       2/2           Grid::~Grid() [101]
                0.00    0.00       2/3           CorrelationFunction::~CorrelationFunction() [92]
                0.00    0.00       2/2           SurveyCorrection::~SurveyCorrection() [97]
                0.00    0.00       1/1           SurveyCorrection::SurveyCorrection() [120]
                0.00    0.00       1/1           SurveyCorrection::SurveyCorrection(Parameters*) [121]
                0.00    0.00       1/1           SurveyCorrection::copy(SurveyCorrection*) [119]
                0.00    0.00       1/447837      ThreeVector<double>::ThreeVector() [75]
                0.00    0.00       1/2           CorrelationFunction::CorrelationFunction() [100]
                0.00    0.00       1/1           RandomDraws::RandomDraws() [118]
                0.00    0.00       1/1           CorrelationFunction::CorrelationFunction(char const*, int, double) [124]
                0.00    0.00       1/2           CorrelationFunction::copy_function(CorrelationFunction*) [99]
                0.00    0.00       1/2           RandomDraws::RandomDraws(CorrelationFunction*, Parameters*, double const*, long) [96]
                0.00    0.00       1/2           RandomDraws::copy(RandomDraws*) [95]
                0.00    0.00       1/1           rescale_correlation::rescale_correlation(Parameters*) [125]
                0.00    0.00       1/1           rescale_correlation::~rescale_correlation() [126]
-----------------------------------------------
                0.01    1.06       2/2           main [1]
[2]     84.1    0.01    1.06       2         compute_integral::compute_integral(Grid*, Parameters*, CorrelationFunction*, RandomDraws*, SurveyCorrection*, int) [2]
                0.30    0.12  109954/109954      Integrals::third(Particle const*, int const*, int, Particle, Particle, int, int, double, double*&, int*&, double*&, double*&, double*&, double&, int&, int) [3]
                0.24    0.02   90270/90270       Integrals::fourth(Particle const*, int const*, int, Particle, Particle, Particle, int, int, int, double, double const*, int const*, double const*, double const*, double const*, double, int, double*&, double*&, double&, int&, int) [4]
                0.13    0.01   74964/74964       Integrals::fifth(Particle const*, int const*, int, Particle, Particle, Particle, Particle, int, int, int, int, double, double const*, int const*, double const*, double const*, double const*, double const*, double, int, double*&, double&, double&, int&, int) [5]
                0.07    0.01   62671/62671       Integrals::sixth(Particle const*, int const*, int, Particle, Particle, Particle, Particle, Particle, int, int, int, int, int, double, double const*, int const*, double const*, double const*, double const*, double const*, double, double, int, int) [6]
                0.05    0.00  589441/589441      compute_integral::draw_particle(ThreeVector<int>, Particle&, int&, ThreeVector<int>, Grid*, int&, gsl_rng*) [8]
                0.02    0.00  177238/177238      compute_integral::particle_list(int, Particle*&, int*&, Grid*) [20]
                0.02    0.00       4/4           Integrals::normalize(double, double, double, double, double) [21]
                0.02    0.00       2/2           Integrals::frobenius_difference_sum(Integrals*, int, double&, double&, double&, double&) [22]
                0.01    0.01  431710/431710      RandomDraws::random_xidraw(gsl_rng*, double*) [25]
                0.01    0.00  157731/157731      RandomDraws::random_cubedraw(gsl_rng*, double*) [26]
                0.01    0.00       4/4           Integrals::save_integrals(char*, bool, int) [32]
                0.01    0.00       2/2           Integrals::sum_ints(Integrals*) [34]
                0.00    0.00  589441/589441      Grid::cell_sep(ThreeVector<int>) [42]
                0.00    0.00  177238/177238      Grid::cell_id_from_1d(int) [44]
                0.00    0.00  357152/1260585     ThreeVector<PromoteNumeric<double, double>::type> operator+<double, double>(ThreeVector<double> const&, ThreeVector<double> const&) [37]
                0.00    0.00      22/766703      ThreeVector<int>::ThreeVector() [31]
                0.00    0.00  589441/589441      ThreeVector<PromoteNumeric<int, int>::type> operator+<int, int>(ThreeVector<int> const&, ThreeVector<int> const&) [74]
                0.00    0.00  589441/1231493     ThreeVector<int>::ThreeVector<double>(ThreeVector<double> const&) [68]
                0.00    0.00      10/337869      Particle::Particle() [76]
                0.00    0.00      10/447837      ThreeVector<double>::ThreeVector() [75]
                0.00    0.00       6/6           STimer::Start() [81]
                0.00    0.00       6/6           STimer::Stop() [80]
                0.00    0.00       6/6           STimer::Elapsed() [82]
                0.00    0.00       4/5           STimer::STimer() [84]
                0.00    0.00       4/4           Integrals::Integrals(Parameters*, CorrelationFunction*, SurveyCorrection*) [89]
                0.00    0.00       4/4           Integrals::~Integrals() [90]
                0.00    0.00       4/4           STimer::~STimer() [87]
                0.00    0.00       2/2           std::random_device::random_device(std::__cxx11::basic_string<char, std::char_traits<char>, std::allocator<char> > const&) [105]
                0.00    0.00       2/2           std::numeric_limits<unsigned int>::max() [108]
                0.00    0.00       2/2           std::uniform_int_distribution<unsigned int>::uniform_int_distribution(unsigned int, unsigned int) [110]
                0.00    0.00       2/2           unsigned int std::uniform_int_distribution<unsigned int>::operator()<std::random_device>(std::random_device&) [111]
                0.00    0.00       2/2           compute_integral::check_threads(Parameters*, int) [98]
                0.00    0.00       2/2           Integrals::sum_total_counts(unsigned long long&, unsigned long long&, unsigned long long&, unsigned long long&) [103]
                0.00    0.00       2/6           Integrals::reset() [83]
                0.00    0.00       2/2           Integrals::save_counts(unsigned long long, unsigned long long, unsigned long long, unsigned long long, int) [102]
                0.00    0.00       2/2           std::random_device::~random_device() [106]
-----------------------------------------------
                0.30    0.12  109954/109954      compute_integral::compute_integral(Grid*, Parameters*, CorrelationFunction*, RandomDraws*, SurveyCorrection*, int) [2]
[3]     32.9    0.30    0.12  109954         Integrals::third(Particle const*, int const*, int, Particle, Particle, int, int, double, double*&, int*&, double*&, double*&, double*&, double&, int&, int) [3]
                0.02    0.02  873182/1071741     Integrals::all_bins(double*, double*, int, int) [9]
                0.00    0.03  873182/1071741     Integrals::triangle_bins(ThreeVector<double>, ThreeVector<double>, ThreeVector<double>, double*, double*, double, int) [12]
                0.02    0.00 1143879/1397796     SurveyCorrection::correction_function_3pcf(int, int, double) [14]
                0.01    0.00 1143879/1397796     legendre_polynomials(double, int, double*) [29]
                0.00    0.01  446573/522513      Integrals::compute_los(ThreeVector<double>, ThreeVector<double>, double) [35]
                0.00    0.00  446573/903433      CorrelationFunction::xi(double, double) [30]
                0.00    0.00  108534/2252016     Integrals::get_radial_bin(double) [13]
                0.00    0.00  108534/4869242     ThreeVector<PromoteNumeric<double, double>::type> operator-<double, double>(ThreeVector<double> const&, ThreeVector<double> const&) [10]
                0.00    0.00  109954/337869      Particle::Particle() [76]
                0.00    0.00  109954/447837      ThreeVector<double>::ThreeVector() [75]
                0.00    0.00  108534/3536369     ThreeVector<double>::norm() const [67]
-----------------------------------------------
                0.24    0.02   90270/90270       compute_integral::compute_integral(Grid*, Parameters*, CorrelationFunction*, RandomDraws*, SurveyCorrection*, int) [2]
[4]     20.5    0.24    0.02   90270         Integrals::fourth(Particle const*, int const*, int, Particle, Particle, Particle, int, int, int, double, double const*, int const*, double const*, double const*, double const*, double, int, double*&, double*&, double&, int&, int) [4]
                0.00    0.01  306797/380920      Integrals::cleanup_l(ThreeVector<double>, ThreeVector<double>, double&, double&) [38]
                0.00    0.00   88236/1071741     Integrals::all_bins(double*, double*, int, int) [9]
                0.00    0.00  350781/903433      CorrelationFunction::xi(double, double) [30]
                0.00    0.00   88236/1071741     Integrals::triangle_bins(ThreeVector<double>, ThreeVector<double>, ThreeVector<double>, double*, double*, double, int) [12]
                0.00    0.00  107043/1397796     SurveyCorrection::correction_function_3pcf(int, int, double) [14]
                0.00    0.00  107043/1397796     legendre_polynomials(double, int, double*) [29]
                0.00    0.00   43984/522513      Integrals::compute_los(ThreeVector<double>, ThreeVector<double>, double) [35]
                0.00    0.00   90270/337869      Particle::Particle() [76]
-----------------------------------------------
                0.13    0.01   74964/74964       compute_integral::compute_integral(Grid*, Parameters*, CorrelationFunction*, RandomDraws*, SurveyCorrection*, int) [2]
[5]     11.0    0.13    0.01   74964         Integrals::fifth(Particle const*, int const*, int, Particle, Particle, Particle, Particle, int, int, int, int, double, double const*, int const*, double const*, double const*, double const*, double const*, double, int, double*&, double&, double&, int&, int) [5]
                0.00    0.00   63169/1071741     Integrals::all_bins(double*, double*, int, int) [9]
                0.00    0.00   63169/1071741     Integrals::triangle_bins(ThreeVector<double>, ThreeVector<double>, ThreeVector<double>, double*, double*, double, int) [12]
                0.00    0.00   84095/1397796     SurveyCorrection::correction_function_3pcf(int, int, double) [14]
                0.00    0.00   63169/903433      CorrelationFunction::xi(double, double) [30]
                0.00    0.00   84095/1397796     legendre_polynomials(double, int, double*) [29]
                0.00    0.00   31956/522513      Integrals::compute_los(ThreeVector<double>, ThreeVector<double>, double) [35]
                0.00    0.00   31213/380920      Integrals::cleanup_l(ThreeVector<double>, ThreeVector<double>, double&, double&) [38]
                0.00    0.00   74964/337869      Particle::Particle() [76]
-----------------------------------------------
                0.07    0.01   62671/62671       compute_integral::compute_integral(Grid*, Parameters*, CorrelationFunction*, RandomDraws*, SurveyCorrection*, int) [2]
[6]      6.0    0.07    0.01   62671         Integrals::sixth(Particle const*, int const*, int, Particle, Particle, Particle, Particle, Particle, int, int, int, int, int, double, double const*, int const*, double const*, double const*, double const*, double const*, double, double, int, int) [6]
                0.00    0.00   47154/1071741     Integrals::all_bins(double*, double*, int, int) [9]
                0.00    0.00   47154/1071741     Integrals::triangle_bins(ThreeVector<double>, ThreeVector<double>, ThreeVector<double>, double*, double*, double, int) [12]
                0.00    0.00   62779/1397796     SurveyCorrection::correction_function_3pcf(int, int, double) [14]
                0.00    0.00   42910/380920      Integrals::cleanup_l(ThreeVector<double>, ThreeVector<double>, double&, double&) [38]
                0.00    0.00   42910/903433      CorrelationFunction::xi(double, double) [30]
                0.00    0.00   62779/1397796     legendre_polynomials(double, int, double*) [29]
                0.00    0.00   62671/337869      Particle::Particle() [76]
-----------------------------------------------
                0.05    0.02       1/1           main [1]
[7]      5.7    0.05    0.02       1         Grid::Grid(Particle*, int, ThreeVector<double>, int, ThreeVector<double>, double) [7]
                0.01    0.01  642051/642051      Grid::pos_to_cell(ThreeVector<double>) [24]
                0.00    0.00  642051/4869242     ThreeVector<PromoteNumeric<double, double>::type> operator-<double, double>(ThreeVector<double> const&, ThreeVector<double> const&) [10]
                0.00    0.00       1/766703      ThreeVector<int>::ThreeVector() [31]
                0.00    0.00       1/642053      ThreeVector<PromoteNumeric<double, double>::type> operator/<double, double>(ThreeVector<double> const&, double) [40]
                0.00    0.00       1/2           ceil3(ThreeVector<float>) [47]
                0.00    0.00       1/447837      ThreeVector<double>::ThreeVector() [75]
                0.00    0.00       1/642053      ThreeVector<float>::ThreeVector<double>(ThreeVector<double> const&) [71]
                0.00    0.00       1/1231493     ThreeVector<int>::ThreeVector<double>(ThreeVector<double> const&) [68]
-----------------------------------------------
                0.05    0.00  589441/589441      compute_integral::compute_integral(Grid*, Parameters*, CorrelationFunction*, RandomDraws*, SurveyCorrection*, int) [2]
[8]      3.9    0.05    0.00  589441         compute_integral::draw_particle(ThreeVector<int>, Particle&, int&, ThreeVector<int>, Grid*, int&, gsl_rng*) [8]
                0.00    0.00  589441/589441      Grid::test_cell(ThreeVector<int>) [73]
-----------------------------------------------
                0.00    0.00   47154/1071741     Integrals::sixth(Particle const*, int const*, int, Particle, Particle, Particle, Particle, Particle, int, int, int, int, int, double, double const*, int const*, double const*, double const*, double const*, double const*, double, double, int, int) [6]
                0.00    0.00   63169/1071741     Integrals::fifth(Particle const*, int const*, int, Particle, Particle, Particle, Particle, int, int, int, int, double, double const*, int const*, double const*, double const*, double const*, double const*, double, int, double*&, double&, double&, int&, int) [5]
                0.00    0.00   88236/1071741     Integrals::fourth(Particle const*, int const*, int, Particle, Particle, Particle, int, int, int, double, double const*, int const*, double const*, double const*, double const*, double, int, double*&, double*&, double&, int&, int) [4]
                0.02    0.02  873182/1071741     Integrals::third(Particle const*, int const*, int, Particle, Particle, int, int, double, double*&, int*&, double*&, double*&, double*&, double&, int&, int) [3]
[9]      3.8    0.02    0.03 1071741         Integrals::all_bins(double*, double*, int, int) [9]
                0.03    0.00 2143482/2252016     Integrals::get_radial_bin(double) [13]
-----------------------------------------------
                0.00    0.00       1/4869242     compute_bounding_box(Particle*, int, ThreeVector<double>&, double, ThreeVector<double>&, int) [45]
                0.00    0.00  108534/4869242     Integrals::third(Particle const*, int const*, int, Particle, Particle, int, int, double, double*&, int*&, double*&, double*&, double*&, double&, int&, int) [3]
                0.00    0.00  380920/4869242     Integrals::cleanup_l(ThreeVector<double>, ThreeVector<double>, double&, double&) [38]
                0.00    0.00  522513/4869242     Integrals::compute_los(ThreeVector<double>, ThreeVector<double>, double) [35]
                0.00    0.00  642051/4869242     Grid::Grid(Particle*, int, ThreeVector<double>, int, ThreeVector<double>, double) [7]
                0.01    0.02 3215223/4869242     Integrals::triangle_bins(ThreeVector<double>, ThreeVector<double>, ThreeVector<double>, double*, double*, double, int) [12]
[10]     3.5    0.02    0.02 4869242         ThreeVector<PromoteNumeric<double, double>::type> operator-<double, double>(ThreeVector<double> const&, ThreeVector<double> const&) [10]
                0.02    0.00 4869242/8003376     ThreeVector<double>::ThreeVector<double, double, double>(double, double, double) [11]
-----------------------------------------------
                0.00    0.00       1/8003376     Parameters::Parameters(int, char**) [48]
                0.00    0.00       1/8003376     ThreeVector<PromoteNumeric<double, double>::type> operator*<double, double>(ThreeVector<double> const&, double) [49]
                0.00    0.00       2/8003376     ceil3(ThreeVector<float>) [47]
                0.00    0.00  589441/8003376     ThreeVector<PromoteNumeric<double, int>::type> operator*<double, int>(double, ThreeVector<int> const&) [43]
                0.00    0.00  642051/8003376     floor3(ThreeVector<float>) [41]
                0.00    0.00  642053/8003376     ThreeVector<PromoteNumeric<double, double>::type> operator/<double, double>(ThreeVector<double> const&, double) [40]
                0.01    0.00 1260585/8003376     ThreeVector<PromoteNumeric<double, double>::type> operator+<double, double>(ThreeVector<double> const&, ThreeVector<double> const&) [37]
                0.02    0.00 4869242/8003376     ThreeVector<PromoteNumeric<double, double>::type> operator-<double, double>(ThreeVector<double> const&, ThreeVector<double> const&) [10]
[11]     3.1    0.04    0.00 8003376         ThreeVector<double>::ThreeVector<double, double, double>(double, double, double) [11]
-----------------------------------------------
                0.00    0.00   47154/1071741     Integrals::sixth(Particle const*, int const*, int, Particle, Particle, Particle, Particle, Particle, int, int, int, int, int, double, double const*, int const*, double const*, double const*, double const*, double const*, double, double, int, int) [6]
                0.00    0.00   63169/1071741     Integrals::fifth(Particle const*, int const*, int, Particle, Particle, Particle, Particle, int, int, int, int, double, double const*, int const*, double const*, double const*, double const*, double const*, double, int, double*&, double&, double&, int&, int) [5]
                0.00    0.00   88236/1071741     Integrals::fourth(Particle const*, int const*, int, Particle, Particle, Particle, int, int, int, double, double const*, int const*, double const*, double const*, double const*, double, int, double*&, double*&, double&, int&, int) [4]
                0.00    0.03  873182/1071741     Integrals::third(Particle const*, int const*, int, Particle, Particle, int, int, double, double*&, int*&, double*&, double*&, double*&, double&, int&, int) [3]
[12]     2.9    0.00    0.04 1071741         Integrals::triangle_bins(ThreeVector<double>, ThreeVector<double>, ThreeVector<double>, double*, double*, double, int) [12]
                0.01    0.02 3215223/4869242     ThreeVector<PromoteNumeric<double, double>::type> operator-<double, double>(ThreeVector<double> const&, ThreeVector<double> const&) [10]
                0.01    0.00 3215223/4118656     PromoteNumeric<double, double>::type ThreeVector<double>::dot<double>(ThreeVector<double> const&) const [28]
                0.00    0.00 2143482/3536369     ThreeVector<double>::norm() const [67]
-----------------------------------------------
                0.00    0.00  108534/2252016     Integrals::third(Particle const*, int const*, int, Particle, Particle, int, int, double, double*&, int*&, double*&, double*&, double*&, double&, int&, int) [3]
                0.03    0.00 2143482/2252016     Integrals::all_bins(double*, double*, int, int) [9]
[13]     2.4    0.03    0.00 2252016         Integrals::get_radial_bin(double) [13]
-----------------------------------------------
                0.00    0.00   62779/1397796     Integrals::sixth(Particle const*, int const*, int, Particle, Particle, Particle, Particle, Particle, int, int, int, int, int, double, double const*, int const*, double const*, double const*, double const*, double const*, double, double, int, int) [6]
                0.00    0.00   84095/1397796     Integrals::fifth(Particle const*, int const*, int, Particle, Particle, Particle, Particle, int, int, int, int, double, double const*, int const*, double const*, double const*, double const*, double const*, double, int, double*&, double&, double&, int&, int) [5]
                0.00    0.00  107043/1397796     Integrals::fourth(Particle const*, int const*, int, Particle, Particle, Particle, int, int, int, double, double const*, int const*, double const*, double const*, double const*, double, int, double*&, double*&, double&, int&, int) [4]
                0.02    0.00 1143879/1397796     Integrals::third(Particle const*, int const*, int, Particle, Particle, int, int, double, double*&, int*&, double*&, double*&, double*&, double&, int&, int) [3]
[14]     2.4    0.03    0.00 1397796         SurveyCorrection::correction_function_3pcf(int, int, double) [14]
-----------------------------------------------
                0.03    0.00       1/1           main [1]
[15]     2.4    0.03    0.00       1         read_particles(double, int*, char const*, int, unsigned long long) [15]
-----------------------------------------------
                                                 <spontaneous>
[16]     1.6    0.00    0.02                 fv [16]
                0.02    0.00 1214820/1214820     RandomDraws::xi_integrand(unsigned int, double const*, void*, unsigned int, double*) [19]
-----------------------------------------------
                                                 <spontaneous>
[17]     1.6    0.02    0.00                 ransampl_draw [17]
-----------------------------------------------
                                                 <spontaneous>
[18]     1.6    0.02    0.00                 rule15gauss_evalError [18]
-----------------------------------------------
                0.02    0.00 1214820/1214820     fv [16]
[19]     1.6    0.02    0.00 1214820         RandomDraws::xi_integrand(unsigned int, double const*, void*, unsigned int, double*) [19]
                0.00    0.00 1214820/1214820     CorrelationFunction::xi(double) [70]
-----------------------------------------------
                0.02    0.00  177238/177238      compute_integral::compute_integral(Grid*, Parameters*, CorrelationFunction*, RandomDraws*, SurveyCorrection*, int) [2]
[20]     1.6    0.02    0.00  177238         compute_integral::particle_list(int, Particle*&, int*&, Grid*) [20]
-----------------------------------------------
                0.02    0.00       4/4           compute_integral::compute_integral(Grid*, Parameters*, CorrelationFunction*, RandomDraws*, SurveyCorrection*, int) [2]
[21]     1.6    0.02    0.00       4         Integrals::normalize(double, double, double, double, double) [21]
-----------------------------------------------
                0.02    0.00       2/2           compute_integral::compute_integral(Grid*, Parameters*, CorrelationFunction*, RandomDraws*, SurveyCorrection*, int) [2]
[22]     1.6    0.02    0.00       2         Integrals::frobenius_difference_sum(Integrals*, int, double&, double&, double&, double&) [22]
-----------------------------------------------
                0.02    0.00       1/1           main [1]
[23]     1.6    0.02    0.00       1         Grid::copy(Grid*) [23]
-----------------------------------------------
                0.01    0.01  642051/642051      Grid::Grid(Particle*, int, ThreeVector<double>, int, ThreeVector<double>, double) [7]
[24]     1.3    0.01    0.01  642051         Grid::pos_to_cell(ThreeVector<double>) [24]
                0.00    0.00  642051/642053      ThreeVector<PromoteNumeric<double, double>::type> operator/<double, double>(ThreeVector<double> const&, double) [40]
                0.00    0.00  642051/642051      floor3(ThreeVector<float>) [41]
                0.00    0.00  642051/642053      ThreeVector<float>::ThreeVector<double>(ThreeVector<double> const&) [71]
                0.00    0.00  642051/1231493     ThreeVector<int>::ThreeVector<double>(ThreeVector<double> const&) [68]
                0.00    0.00  642051/1221615     Grid::wrap_cell(ThreeVector<int>) [69]
-----------------------------------------------
                0.01    0.01  431710/431710      compute_integral::compute_integral(Grid*, Parameters*, CorrelationFunction*, RandomDraws*, SurveyCorrection*, int) [2]
[25]     1.2    0.01    0.01  431710         RandomDraws::random_xidraw(gsl_rng*, double*) [25]
                0.00    0.01  431710/589441      RandomDraws::cubifyindex(int, int) [36]
-----------------------------------------------
                0.01    0.00  157731/157731      compute_integral::compute_integral(Grid*, Parameters*, CorrelationFunction*, RandomDraws*, SurveyCorrection*, int) [2]
[26]     0.9    0.01    0.00  157731         RandomDraws::random_cubedraw(gsl_rng*, double*) [26]
                0.00    0.00  157731/589441      RandomDraws::cubifyindex(int, int) [36]
-----------------------------------------------
                                                 <spontaneous>
[27]     0.8    0.01    0.00                 cut_region [27]
-----------------------------------------------
                0.00    0.00  380920/4118656     Integrals::cleanup_l(ThreeVector<double>, ThreeVector<double>, double&, double&) [38]
                0.00    0.00  522513/4118656     Integrals::compute_los(ThreeVector<double>, ThreeVector<double>, double) [35]
                0.01    0.00 3215223/4118656     Integrals::triangle_bins(ThreeVector<double>, ThreeVector<double>, ThreeVector<double>, double*, double*, double, int) [12]
[28]     0.8    0.01    0.00 4118656         PromoteNumeric<double, double>::type ThreeVector<double>::dot<double>(ThreeVector<double> const&) const [28]
-----------------------------------------------
                0.00    0.00   62779/1397796     Integrals::sixth(Particle const*, int const*, int, Particle, Particle, Particle, Particle, Particle, int, int, int, int, int, double, double const*, int const*, double const*, double const*, double const*, double const*, double, double, int, int) [6]
                0.00    0.00   84095/1397796     Integrals::fifth(Particle const*, int const*, int, Particle, Particle, Particle, Particle, int, int, int, int, double, double const*, int const*, double const*, double const*, double const*, double const*, double, int, double*&, double&, double&, int&, int) [5]
                0.00    0.00  107043/1397796     Integrals::fourth(Particle const*, int const*, int, Particle, Particle, Particle, int, int, int, double, double const*, int const*, double const*, double const*, double const*, double, int, double*&, double*&, double&, int&, int) [4]
                0.01    0.00 1143879/1397796     Integrals::third(Particle const*, int const*, int, Particle, Particle, int, int, double, double*&, int*&, double*&, double*&, double*&, double&, int&, int) [3]
[29]     0.8    0.01    0.00 1397796         legendre_polynomials(double, int, double*) [29]
-----------------------------------------------
                0.00    0.00   42910/903433      Integrals::sixth(Particle const*, int const*, int, Particle, Particle, Particle, Particle, Particle, int, int, int, int, int, double, double const*, int const*, double const*, double const*, double const*, double const*, double, double, int, int) [6]
                0.00    0.00   63169/903433      Integrals::fifth(Particle const*, int const*, int, Particle, Particle, Particle, Particle, int, int, int, int, double, double const*, int const*, double const*, double const*, double const*, double const*, double, int, double*&, double&, double&, int&, int) [5]
                0.00    0.00  350781/903433      Integrals::fourth(Particle const*, int const*, int, Particle, Particle, Particle, int, int, int, double, double const*, int const*, double const*, double const*, double const*, double, int, double*&, double*&, double&, int&, int) [4]
                0.00    0.00  446573/903433      Integrals::third(Particle const*, int const*, int, Particle, Particle, int, int, double, double*&, int*&, double*&, double*&, double*&, double&, int&, int) [3]
[30]     0.8    0.01    0.00  903433         CorrelationFunction::xi(double, double) [30]
-----------------------------------------------
                0.00    0.00       1/766703      Grid::Grid() [46]
                0.00    0.00       1/766703      Grid::Grid(Particle*, int, ThreeVector<double>, int, ThreeVector<double>, double) [7]
                0.00    0.00      22/766703      compute_integral::compute_integral(Grid*, Parameters*, CorrelationFunction*, RandomDraws*, SurveyCorrection*, int) [2]
                0.00    0.00  177238/766703      Grid::cell_id_from_1d(int) [44]
                0.01    0.00  589441/766703      RandomDraws::cubifyindex(int, int) [36]
[31]     0.8    0.01    0.00  766703         ThreeVector<int>::ThreeVector() [31]
-----------------------------------------------
                0.01    0.00       4/4           compute_integral::compute_integral(Grid*, Parameters*, CorrelationFunction*, RandomDraws*, SurveyCorrection*, int) [2]
[32]     0.8    0.01    0.00       4         Integrals::save_integrals(char*, bool, int) [32]
-----------------------------------------------
                0.00    0.00       1/3           rescale_correlation::refine_wrapper(Parameters*, Grid*, CorrelationFunction*, RandomDraws*, int) [39]
                0.01    0.00       2/3           main [1]
[33]     0.8    0.01    0.00       3         RandomDraws::~RandomDraws() [33]
-----------------------------------------------
                0.01    0.00       2/2           compute_integral::compute_integral(Grid*, Parameters*, CorrelationFunction*, RandomDraws*, SurveyCorrection*, int) [2]
[34]     0.8    0.01    0.00       2         Integrals::sum_ints(Integrals*) [34]
-----------------------------------------------
                0.00    0.00   31956/522513      Integrals::fifth(Particle const*, int const*, int, Particle, Particle, Particle, Particle, int, int, int, int, double, double const*, int const*, double const*, double const*, double const*, double const*, double, int, double*&, double&, double&, int&, int) [5]
                0.00    0.00   43984/522513      Integrals::fourth(Particle const*, int const*, int, Particle, Particle, Particle, int, int, int, double, double const*, int const*, double const*, double const*, double const*, double, int, double*&, double*&, double&, int&, int) [4]
                0.00    0.01  446573/522513      Integrals::third(Particle const*, int const*, int, Particle, Particle, int, int, double, double*&, int*&, double*&, double*&, double*&, double&, int&, int) [3]
[35]     0.7    0.00    0.01  522513         Integrals::compute_los(ThreeVector<double>, ThreeVector<double>, double) [35]
                0.00    0.00  522513/4869242     ThreeVector<PromoteNumeric<double, double>::type> operator-<double, double>(ThreeVector<double> const&, ThreeVector<double> const&) [10]
                0.00    0.00  522513/1260585     ThreeVector<PromoteNumeric<double, double>::type> operator+<double, double>(ThreeVector<double> const&, ThreeVector<double> const&) [37]
                0.00    0.00  522513/4118656     PromoteNumeric<double, double>::type ThreeVector<double>::dot<double>(ThreeVector<double> const&) const [28]
                0.00    0.00  522513/3536369     ThreeVector<double>::norm() const [67]
-----------------------------------------------
                0.00    0.00  157731/589441      RandomDraws::random_cubedraw(gsl_rng*, double*) [26]
                0.00    0.01  431710/589441      RandomDraws::random_xidraw(gsl_rng*, double*) [25]
[36]     0.6    0.00    0.01  589441         RandomDraws::cubifyindex(int, int) [36]
                0.01    0.00  589441/766703      ThreeVector<int>::ThreeVector() [31]
-----------------------------------------------
                0.00    0.00  357152/1260585     compute_integral::compute_integral(Grid*, Parameters*, CorrelationFunction*, RandomDraws*, SurveyCorrection*, int) [2]
                0.00    0.00  380920/1260585     Integrals::cleanup_l(ThreeVector<double>, ThreeVector<double>, double&, double&) [38]
                0.00    0.00  522513/1260585     Integrals::compute_los(ThreeVector<double>, ThreeVector<double>, double) [35]
[37]     0.5    0.00    0.01 1260585         ThreeVector<PromoteNumeric<double, double>::type> operator+<double, double>(ThreeVector<double> const&, ThreeVector<double> const&) [37]
                0.01    0.00 1260585/8003376     ThreeVector<double>::ThreeVector<double, double, double>(double, double, double) [11]
-----------------------------------------------
                0.00    0.00   31213/380920      Integrals::fifth(Particle const*, int const*, int, Particle, Particle, Particle, Particle, int, int, int, int, double, double const*, int const*, double const*, double const*, double const*, double const*, double, int, double*&, double&, double&, int&, int) [5]
                0.00    0.00   42910/380920      Integrals::sixth(Particle const*, int const*, int, Particle, Particle, Particle, Particle, Particle, int, int, int, int, int, double, double const*, int const*, double const*, double const*, double const*, double const*, double, double, int, int) [6]
                0.00    0.01  306797/380920      Integrals::fourth(Particle const*, int const*, int, Particle, Particle, Particle, int, int, int, double, double const*, int const*, double const*, double const*, double const*, double, int, double*&, double*&, double&, int&, int) [4]
[38]     0.5    0.00    0.01  380920         Integrals::cleanup_l(ThreeVector<double>, ThreeVector<double>, double&, double&) [38]
                0.00    0.00  380920/4869242     ThreeVector<PromoteNumeric<double, double>::type> operator-<double, double>(ThreeVector<double> const&, ThreeVector<double> const&) [10]
                0.00    0.00  380920/1260585     ThreeVector<PromoteNumeric<double, double>::type> operator+<double, double>(ThreeVector<double> const&, ThreeVector<double> const&) [37]
                0.00    0.00  380920/4118656     PromoteNumeric<double, double>::type ThreeVector<double>::dot<double>(ThreeVector<double> const&) const [28]
                0.00    0.00  761840/3536369     ThreeVector<double>::norm() const [67]
-----------------------------------------------
                0.00    0.00       1/1           main [1]
[39]     0.3    0.00    0.00       1         rescale_correlation::refine_wrapper(Parameters*, Grid*, CorrelationFunction*, RandomDraws*, int) [39]
                0.00    0.00       1/3           RandomDraws::~RandomDraws() [33]
                0.00    0.00       1/2           CorrelationFunction::CorrelationFunction() [100]
                0.00    0.00       1/2           CorrelationFunction::copy_function(CorrelationFunction*) [99]
                0.00    0.00       1/2           RandomDraws::RandomDraws(CorrelationFunction*, Parameters*, double const*, long) [96]
                0.00    0.00       1/2           RandomDraws::copy(RandomDraws*) [95]
                0.00    0.00       1/3           CorrelationFunction::~CorrelationFunction() [92]
-----------------------------------------------
                0.00    0.00       1/642053      compute_bounding_box(Particle*, int, ThreeVector<double>&, double, ThreeVector<double>&, int) [45]
                0.00    0.00       1/642053      Grid::Grid(Particle*, int, ThreeVector<double>, int, ThreeVector<double>, double) [7]
                0.00    0.00  642051/642053      Grid::pos_to_cell(ThreeVector<double>) [24]
[40]     0.3    0.00    0.00  642053         ThreeVector<PromoteNumeric<double, double>::type> operator/<double, double>(ThreeVector<double> const&, double) [40]
                0.00    0.00  642053/8003376     ThreeVector<double>::ThreeVector<double, double, double>(double, double, double) [11]
-----------------------------------------------
                0.00    0.00  642051/642051      Grid::pos_to_cell(ThreeVector<double>) [24]
[41]     0.3    0.00    0.00  642051         floor3(ThreeVector<float>) [41]
                0.00    0.00  642051/8003376     ThreeVector<double>::ThreeVector<double, double, double>(double, double, double) [11]
-----------------------------------------------
                0.00    0.00  589441/589441      compute_integral::compute_integral(Grid*, Parameters*, CorrelationFunction*, RandomDraws*, SurveyCorrection*, int) [2]
[42]     0.2    0.00    0.00  589441         Grid::cell_sep(ThreeVector<int>) [42]
                0.00    0.00  589441/589441      ThreeVector<PromoteNumeric<double, int>::type> operator*<double, int>(double, ThreeVector<int> const&) [43]
-----------------------------------------------
                0.00    0.00  589441/589441      Grid::cell_sep(ThreeVector<int>) [42]
[43]     0.2    0.00    0.00  589441         ThreeVector<PromoteNumeric<double, int>::type> operator*<double, int>(double, ThreeVector<int> const&) [43]
                0.00    0.00  589441/8003376     ThreeVector<double>::ThreeVector<double, double, double>(double, double, double) [11]
-----------------------------------------------
                0.00    0.00  177238/177238      compute_integral::compute_integral(Grid*, Parameters*, CorrelationFunction*, RandomDraws*, SurveyCorrection*, int) [2]
[44]     0.2    0.00    0.00  177238         Grid::cell_id_from_1d(int) [44]
                0.00    0.00  177238/766703      ThreeVector<int>::ThreeVector() [31]
-----------------------------------------------
                0.00    0.00       1/1           main [1]
[45]     0.0    0.00    0.00       1         compute_bounding_box(Particle*, int, ThreeVector<double>&, double, ThreeVector<double>&, int) [45]
                0.00    0.00       1/4869242     ThreeVector<PromoteNumeric<double, double>::type> operator-<double, double>(ThreeVector<double> const&, ThreeVector<double> const&) [10]
                0.00    0.00       1/642053      ThreeVector<PromoteNumeric<double, double>::type> operator/<double, double>(ThreeVector<double> const&, double) [40]
                0.00    0.00       1/2           ceil3(ThreeVector<float>) [47]
                0.00    0.00       1/1           ThreeVector<PromoteNumeric<double, double>::type> operator*<double, double>(ThreeVector<double> const&, double) [49]
                0.00    0.00       1/447837      ThreeVector<double>::ThreeVector() [75]
                0.00    0.00       1/642053      ThreeVector<float>::ThreeVector<double>(ThreeVector<double> const&) [71]
-----------------------------------------------
                0.00    0.00       1/1           main [1]
[46]     0.0    0.00    0.00       1         Grid::Grid() [46]
                0.00    0.00       1/766703      ThreeVector<int>::ThreeVector() [31]
                0.00    0.00       1/447837      ThreeVector<double>::ThreeVector() [75]
-----------------------------------------------
                0.00    0.00       1/2           compute_bounding_box(Particle*, int, ThreeVector<double>&, double, ThreeVector<double>&, int) [45]
                0.00    0.00       1/2           Grid::Grid(Particle*, int, ThreeVector<double>, int, ThreeVector<double>, double) [7]
[47]     0.0    0.00    0.00       2         ceil3(ThreeVector<float>) [47]
                0.00    0.00       2/8003376     ThreeVector<double>::ThreeVector<double, double, double>(double, double, double) [11]
-----------------------------------------------
                0.00    0.00       1/1           main [1]
[48]     0.0    0.00    0.00       1         Parameters::Parameters(int, char**) [48]
                0.00    0.00       1/8003376     ThreeVector<double>::ThreeVector<double, double, double>(double, double, double) [11]
                0.00    0.00       1/1           Parameters::create_directory() [115]
                0.00    0.00       1/1           Parameters::read_radial_binning(char*) [116]
                0.00    0.00       1/1           Parameters::read_radial_binning_cf(char*) [117]
-----------------------------------------------
                0.00    0.00       1/1           compute_bounding_box(Particle*, int, ThreeVector<double>&, double, ThreeVector<double>&, int) [45]
[49]     0.0    0.00    0.00       1         ThreeVector<PromoteNumeric<double, double>::type> operator*<double, double>(ThreeVector<double> const&, double) [49]
                0.00    0.00       1/8003376     ThreeVector<double>::ThreeVector<double, double, double>(double, double, double) [11]
-----------------------------------------------
                0.00    0.00  108534/3536369     Integrals::third(Particle const*, int const*, int, Particle, Particle, int, int, double, double*&, int*&, double*&, double*&, double*&, double&, int&, int) [3]
                0.00    0.00  522513/3536369     Integrals::compute_los(ThreeVector<double>, ThreeVector<double>, double) [35]
                0.00    0.00  761840/3536369     Integrals::cleanup_l(ThreeVector<double>, ThreeVector<double>, double&, double&) [38]
                0.00    0.00 2143482/3536369     Integrals::triangle_bins(ThreeVector<double>, ThreeVector<double>, ThreeVector<double>, double*, double*, double, int) [12]
[67]     0.0    0.00    0.00 3536369         ThreeVector<double>::norm() const [67]
-----------------------------------------------
                0.00    0.00       1/1231493     Grid::Grid(Particle*, int, ThreeVector<double>, int, ThreeVector<double>, double) [7]
                0.00    0.00  589441/1231493     compute_integral::compute_integral(Grid*, Parameters*, CorrelationFunction*, RandomDraws*, SurveyCorrection*, int) [2]
                0.00    0.00  642051/1231493     Grid::pos_to_cell(ThreeVector<double>) [24]
[68]     0.0    0.00    0.00 1231493         ThreeVector<int>::ThreeVector<double>(ThreeVector<double> const&) [68]
-----------------------------------------------
                0.00    0.00  579564/1221615     Grid::test_cell(ThreeVector<int>) [73]
                0.00    0.00  642051/1221615     Grid::pos_to_cell(ThreeVector<double>) [24]
[69]     0.0    0.00    0.00 1221615         Grid::wrap_cell(ThreeVector<int>) [69]
-----------------------------------------------
                0.00    0.00 1214820/1214820     RandomDraws::xi_integrand(unsigned int, double const*, void*, unsigned int, double*) [19]
[70]     0.0    0.00    0.00 1214820         CorrelationFunction::xi(double) [70]
-----------------------------------------------
                0.00    0.00       1/642053      compute_bounding_box(Particle*, int, ThreeVector<double>&, double, ThreeVector<double>&, int) [45]
                0.00    0.00       1/642053      Grid::Grid(Particle*, int, ThreeVector<double>, int, ThreeVector<double>, double) [7]
                0.00    0.00  642051/642053      Grid::pos_to_cell(ThreeVector<double>) [24]
[71]     0.0    0.00    0.00  642053         ThreeVector<float>::ThreeVector<double>(ThreeVector<double> const&) [71]
-----------------------------------------------
                0.00    0.00  589441/589441      ThreeVector<PromoteNumeric<int, int>::type> operator+<int, int>(ThreeVector<int> const&, ThreeVector<int> const&) [74]
[72]     0.0    0.00    0.00  589441         ThreeVector<int>::ThreeVector<int, int, int>(int, int, int) [72]
-----------------------------------------------
                0.00    0.00  589441/589441      compute_integral::draw_particle(ThreeVector<int>, Particle&, int&, ThreeVector<int>, Grid*, int&, gsl_rng*) [8]
[73]     0.0    0.00    0.00  589441         Grid::test_cell(ThreeVector<int>) [73]
                0.00    0.00  579564/1221615     Grid::wrap_cell(ThreeVector<int>) [69]
-----------------------------------------------
                0.00    0.00  589441/589441      compute_integral::compute_integral(Grid*, Parameters*, CorrelationFunction*, RandomDraws*, SurveyCorrection*, int) [2]
[74]     0.0    0.00    0.00  589441         ThreeVector<PromoteNumeric<int, int>::type> operator+<int, int>(ThreeVector<int> const&, ThreeVector<int> const&) [74]
                0.00    0.00  589441/589441      ThreeVector<int>::ThreeVector<int, int, int>(int, int, int) [72]
-----------------------------------------------
                0.00    0.00       1/447837      compute_bounding_box(Particle*, int, ThreeVector<double>&, double, ThreeVector<double>&, int) [45]
                0.00    0.00       1/447837      main [1]
                0.00    0.00       1/447837      Grid::Grid() [46]
                0.00    0.00       1/447837      Grid::Grid(Particle*, int, ThreeVector<double>, int, ThreeVector<double>, double) [7]
                0.00    0.00      10/447837      compute_integral::compute_integral(Grid*, Parameters*, CorrelationFunction*, RandomDraws*, SurveyCorrection*, int) [2]
                0.00    0.00  109954/447837      Integrals::third(Particle const*, int const*, int, Particle, Particle, int, int, double, double*&, int*&, double*&, double*&, double*&, double&, int&, int) [3]
                0.00    0.00  337869/447837      Particle::Particle() [76]
[75]     0.0    0.00    0.00  447837         ThreeVector<double>::ThreeVector() [75]
-----------------------------------------------
                0.00    0.00      10/337869      compute_integral::compute_integral(Grid*, Parameters*, CorrelationFunction*, RandomDraws*, SurveyCorrection*, int) [2]
                0.00    0.00   62671/337869      Integrals::sixth(Particle const*, int const*, int, Particle, Particle, Particle, Particle, Particle, int, int, int, int, int, double, double const*, int const*, double const*, double const*, double const*, double const*, double, double, int, int) [6]
                0.00    0.00   74964/337869      Integrals::fifth(Particle const*, int const*, int, Particle, Particle, Particle, Particle, int, int, int, int, double, double const*, int const*, double const*, double const*, double const*, double const*, double, int, double*&, double&, double&, int&, int) [5]
                0.00    0.00   90270/337869      Integrals::fourth(Particle const*, int const*, int, Particle, Particle, Particle, int, int, int, double, double const*, int const*, double const*, double const*, double const*, double, int, double*&, double*&, double&, int&, int) [4]
                0.00    0.00  109954/337869      Integrals::third(Particle const*, int const*, int, Particle, Particle, int, int, double, double*&, int*&, double*&, double*&, double*&, double&, int&, int) [3]
[76]     0.0    0.00    0.00  337869         Particle::Particle() [76]
                0.00    0.00  337869/447837      ThreeVector<double>::ThreeVector() [75]
-----------------------------------------------
                0.00    0.00     686/686         RandomDraws::compute_r2_prob(double**, long*, int, double) [94]
[77]     0.0    0.00    0.00     686         RandomDraws::r2prob(double, double) [77]
-----------------------------------------------
                0.00    0.00      47/47          CorrelationFunction::readData(char const*, double**, double**, double**, int*, int*) [123]
[78]     0.0    0.00    0.00      47         CorrelationFunction::readLine(char*, double**, int*) [78]
-----------------------------------------------
                0.00    0.00       1/7           CorrelationFunction::CorrelationFunction(char const*, int, double) [124]
                0.00    0.00       2/7           CorrelationFunction::copy_function(CorrelationFunction*) [99]
                0.00    0.00       4/7           CorrelationFunction::CorrelationFunction(CorrelationFunction*) [86]
[79]     0.0    0.00    0.00       7         CorrelationFunction::interpolate() [79]
-----------------------------------------------
                0.00    0.00       6/6           compute_integral::compute_integral(Grid*, Parameters*, CorrelationFunction*, RandomDraws*, SurveyCorrection*, int) [2]
[80]     0.0    0.00    0.00       6         STimer::Stop() [80]
-----------------------------------------------
                0.00    0.00       6/6           compute_integral::compute_integral(Grid*, Parameters*, CorrelationFunction*, RandomDraws*, SurveyCorrection*, int) [2]
[81]     0.0    0.00    0.00       6         STimer::Start() [81]
-----------------------------------------------
                0.00    0.00       6/6           compute_integral::compute_integral(Grid*, Parameters*, CorrelationFunction*, RandomDraws*, SurveyCorrection*, int) [2]
[82]     0.0    0.00    0.00       6         STimer::Elapsed() [82]
-----------------------------------------------
                0.00    0.00       2/6           compute_integral::compute_integral(Grid*, Parameters*, CorrelationFunction*, RandomDraws*, SurveyCorrection*, int) [2]
                0.00    0.00       4/6           Integrals::init(Parameters*) [88]
[83]     0.0    0.00    0.00       6         Integrals::reset() [83]
-----------------------------------------------
                0.00    0.00       1/5           __static_initialization_and_destruction_0(int, int) [114]
                0.00    0.00       4/5           compute_integral::compute_integral(Grid*, Parameters*, CorrelationFunction*, RandomDraws*, SurveyCorrection*, int) [2]
[84]     0.0    0.00    0.00       5         STimer::STimer() [84]
-----------------------------------------------
                0.00    0.00       4/4           CorrelationFunction::CorrelationFunction(CorrelationFunction*) [86]
[85]     0.0    0.00    0.00       4         CorrelationFunction::copy(int&, int&, double**, double**, double**, double&, double&, double&, double&, bool&) [85]
-----------------------------------------------
                0.00    0.00       4/4           Integrals::Integrals(Parameters*, CorrelationFunction*, SurveyCorrection*) [89]
[86]     0.0    0.00    0.00       4         CorrelationFunction::CorrelationFunction(CorrelationFunction*) [86]
                0.00    0.00       4/4           CorrelationFunction::copy(int&, int&, double**, double**, double**, double&, double&, double&, double&, bool&) [85]
                0.00    0.00       4/7           CorrelationFunction::interpolate() [79]
-----------------------------------------------
                0.00    0.00       4/4           compute_integral::compute_integral(Grid*, Parameters*, CorrelationFunction*, RandomDraws*, SurveyCorrection*, int) [2]
[87]     0.0    0.00    0.00       4         STimer::~STimer() [87]
-----------------------------------------------
                0.00    0.00       4/4           Integrals::Integrals(Parameters*, CorrelationFunction*, SurveyCorrection*) [89]
[88]     0.0    0.00    0.00       4         Integrals::init(Parameters*) [88]
                0.00    0.00       4/6           Integrals::reset() [83]
-----------------------------------------------
                0.00    0.00       4/4           compute_integral::compute_integral(Grid*, Parameters*, CorrelationFunction*, RandomDraws*, SurveyCorrection*, int) [2]
[89]     0.0    0.00    0.00       4         Integrals::Integrals(Parameters*, CorrelationFunction*, SurveyCorrection*) [89]
                0.00    0.00       4/4           CorrelationFunction::CorrelationFunction(CorrelationFunction*) [86]
                0.00    0.00       4/4           Integrals::init(Parameters*) [88]
-----------------------------------------------
                0.00    0.00       4/4           compute_integral::compute_integral(Grid*, Parameters*, CorrelationFunction*, RandomDraws*, SurveyCorrection*, int) [2]
[90]     0.0    0.00    0.00       4         Integrals::~Integrals() [90]
-----------------------------------------------
                0.00    0.00       4/4           unsigned int std::uniform_int_distribution<unsigned int>::operator()<std::random_device>(std::random_device&, std::uniform_int_distribution<unsigned int>::param_type const&) [112]
[91]     0.0    0.00    0.00       4         std::uniform_int_distribution<unsigned int>::param_type::a() const [91]
-----------------------------------------------
                0.00    0.00       1/3           rescale_correlation::refine_wrapper(Parameters*, Grid*, CorrelationFunction*, RandomDraws*, int) [39]
                0.00    0.00       2/3           main [1]
[92]     0.0    0.00    0.00       3         CorrelationFunction::~CorrelationFunction() [92]
-----------------------------------------------
                0.00    0.00       2/2           RandomDraws::RandomDraws(CorrelationFunction*, Parameters*, double const*, long) [96]
[93]     0.0    0.00    0.00       2         RandomDraws::integData2(double**, long*, int (*)(unsigned int, double const*, void*, unsigned int, double*), int, double) [93]
-----------------------------------------------
                0.00    0.00       2/2           RandomDraws::RandomDraws(CorrelationFunction*, Parameters*, double const*, long) [96]
[94]     0.0    0.00    0.00       2         RandomDraws::compute_r2_prob(double**, long*, int, double) [94]
                0.00    0.00     686/686         RandomDraws::r2prob(double, double) [77]
-----------------------------------------------
                0.00    0.00       1/2           main [1]
                0.00    0.00       1/2           rescale_correlation::refine_wrapper(Parameters*, Grid*, CorrelationFunction*, RandomDraws*, int) [39]
[95]     0.0    0.00    0.00       2         RandomDraws::copy(RandomDraws*) [95]
-----------------------------------------------
                0.00    0.00       1/2           main [1]
                0.00    0.00       1/2           rescale_correlation::refine_wrapper(Parameters*, Grid*, CorrelationFunction*, RandomDraws*, int) [39]
[96]     0.0    0.00    0.00       2         RandomDraws::RandomDraws(CorrelationFunction*, Parameters*, double const*, long) [96]
                0.00    0.00       2/2           RandomDraws::integData2(double**, long*, int (*)(unsigned int, double const*, void*, unsigned int, double*), int, double) [93]
                0.00    0.00       2/2           RandomDraws::compute_r2_prob(double**, long*, int, double) [94]
-----------------------------------------------
                0.00    0.00       2/2           main [1]
[97]     0.0    0.00    0.00       2         SurveyCorrection::~SurveyCorrection() [97]
-----------------------------------------------
                0.00    0.00       2/2           compute_integral::compute_integral(Grid*, Parameters*, CorrelationFunction*, RandomDraws*, SurveyCorrection*, int) [2]
[98]     0.0    0.00    0.00       2         compute_integral::check_threads(Parameters*, int) [98]
-----------------------------------------------
                0.00    0.00       1/2           main [1]
                0.00    0.00       1/2           rescale_correlation::refine_wrapper(Parameters*, Grid*, CorrelationFunction*, RandomDraws*, int) [39]
[99]     0.0    0.00    0.00       2         CorrelationFunction::copy_function(CorrelationFunction*) [99]
                0.00    0.00       2/7           CorrelationFunction::interpolate() [79]
-----------------------------------------------
                0.00    0.00       1/2           main [1]
                0.00    0.00       1/2           rescale_correlation::refine_wrapper(Parameters*, Grid*, CorrelationFunction*, RandomDraws*, int) [39]
[100]    0.0    0.00    0.00       2         CorrelationFunction::CorrelationFunction() [100]
-----------------------------------------------
                0.00    0.00       2/2           main [1]
[101]    0.0    0.00    0.00       2         Grid::~Grid() [101]
-----------------------------------------------
                0.00    0.00       2/2           compute_integral::compute_integral(Grid*, Parameters*, CorrelationFunction*, RandomDraws*, SurveyCorrection*, int) [2]
[102]    0.0    0.00    0.00       2         Integrals::save_counts(unsigned long long, unsigned long long, unsigned long long, unsigned long long, int) [102]
-----------------------------------------------
                0.00    0.00       2/2           compute_integral::compute_integral(Grid*, Parameters*, CorrelationFunction*, RandomDraws*, SurveyCorrection*, int) [2]
[103]    0.0    0.00    0.00       2         Integrals::sum_total_counts(unsigned long long&, unsigned long long&, unsigned long long&, unsigned long long&) [103]
-----------------------------------------------
                0.00    0.00       2/2           unsigned int std::uniform_int_distribution<unsigned int>::operator()<std::random_device>(std::random_device&, std::uniform_int_distribution<unsigned int>::param_type const&) [112]
[104]    0.0    0.00    0.00       2         std::uniform_int_distribution<unsigned int>::param_type::b() const [104]
-----------------------------------------------
                0.00    0.00       2/2           compute_integral::compute_integral(Grid*, Parameters*, CorrelationFunction*, RandomDraws*, SurveyCorrection*, int) [2]
[105]    0.0    0.00    0.00       2         std::random_device::random_device(std::__cxx11::basic_string<char, std::char_traits<char>, std::allocator<char> > const&) [105]
-----------------------------------------------
                0.00    0.00       2/2           compute_integral::compute_integral(Grid*, Parameters*, CorrelationFunction*, RandomDraws*, SurveyCorrection*, int) [2]
[106]    0.0    0.00    0.00       2         std::random_device::~random_device() [106]
-----------------------------------------------
                0.00    0.00       2/2           unsigned int std::uniform_int_distribution<unsigned int>::operator()<std::random_device>(std::random_device&, std::uniform_int_distribution<unsigned int>::param_type const&) [112]
[107]    0.0    0.00    0.00       2         std::random_device::operator()() [107]
-----------------------------------------------
                0.00    0.00       2/2           compute_integral::compute_integral(Grid*, Parameters*, CorrelationFunction*, RandomDraws*, SurveyCorrection*, int) [2]
[108]    0.0    0.00    0.00       2         std::numeric_limits<unsigned int>::max() [108]
-----------------------------------------------
                0.00    0.00       2/2           std::uniform_int_distribution<unsigned int>::uniform_int_distribution(unsigned int, unsigned int) [110]
[109]    0.0    0.00    0.00       2         std::uniform_int_distribution<unsigned int>::param_type::param_type(unsigned int, unsigned int) [109]
-----------------------------------------------
                0.00    0.00       2/2           compute_integral::compute_integral(Grid*, Parameters*, CorrelationFunction*, RandomDraws*, SurveyCorrection*, int) [2]
[110]    0.0    0.00    0.00       2         std::uniform_int_distribution<unsigned int>::uniform_int_distribution(unsigned int, unsigned int) [110]
                0.00    0.00       2/2           std::uniform_int_distribution<unsigned int>::param_type::param_type(unsigned int, unsigned int) [109]
-----------------------------------------------
                0.00    0.00       2/2           compute_integral::compute_integral(Grid*, Parameters*, CorrelationFunction*, RandomDraws*, SurveyCorrection*, int) [2]
[111]    0.0    0.00    0.00       2         unsigned int std::uniform_int_distribution<unsigned int>::operator()<std::random_device>(std::random_device&) [111]
                0.00    0.00       2/2           unsigned int std::uniform_int_distribution<unsigned int>::operator()<std::random_device>(std::random_device&, std::uniform_int_distribution<unsigned int>::param_type const&) [112]
-----------------------------------------------
                0.00    0.00       2/2           unsigned int std::uniform_int_distribution<unsigned int>::operator()<std::random_device>(std::random_device&) [111]
[112]    0.0    0.00    0.00       2         unsigned int std::uniform_int_distribution<unsigned int>::operator()<std::random_device>(std::random_device&, std::uniform_int_distribution<unsigned int>::param_type const&) [112]
                0.00    0.00       4/4           std::uniform_int_distribution<unsigned int>::param_type::a() const [91]
                0.00    0.00       2/2           std::uniform_int_distribution<unsigned int>::param_type::b() const [104]
                0.00    0.00       2/2           std::random_device::operator()() [107]
-----------------------------------------------
                0.00    0.00       1/1           __libc_csu_init [151]
[113]    0.0    0.00    0.00       1         _GLOBAL__sub_I__ZN6STimerC2Ev [113]
                0.00    0.00       1/1           __static_initialization_and_destruction_0(int, int) [114]
-----------------------------------------------
                0.00    0.00       1/1           _GLOBAL__sub_I__ZN6STimerC2Ev [113]
[114]    0.0    0.00    0.00       1         __static_initialization_and_destruction_0(int, int) [114]
                0.00    0.00       1/5           STimer::STimer() [84]
-----------------------------------------------
                0.00    0.00       1/1           Parameters::Parameters(int, char**) [48]
[115]    0.0    0.00    0.00       1         Parameters::create_directory() [115]
-----------------------------------------------
                0.00    0.00       1/1           Parameters::Parameters(int, char**) [48]
[116]    0.0    0.00    0.00       1         Parameters::read_radial_binning(char*) [116]
-----------------------------------------------
                0.00    0.00       1/1           Parameters::Parameters(int, char**) [48]
[117]    0.0    0.00    0.00       1         Parameters::read_radial_binning_cf(char*) [117]
-----------------------------------------------
                0.00    0.00       1/1           main [1]
[118]    0.0    0.00    0.00       1         RandomDraws::RandomDraws() [118]
-----------------------------------------------
                0.00    0.00       1/1           main [1]
[119]    0.0    0.00    0.00       1         SurveyCorrection::copy(SurveyCorrection*) [119]
-----------------------------------------------
                0.00    0.00       1/1           main [1]
[120]    0.0    0.00    0.00       1         SurveyCorrection::SurveyCorrection() [120]
-----------------------------------------------
                0.00    0.00       1/1           main [1]
[121]    0.0    0.00    0.00       1         SurveyCorrection::SurveyCorrection(Parameters*) [121]
-----------------------------------------------
                0.00    0.00       1/1           rescale_correlation::rescale_correlation(Parameters*) [125]
[122]    0.0    0.00    0.00       1         compute_integral::compute_integral() [122]
-----------------------------------------------
                0.00    0.00       1/1           CorrelationFunction::CorrelationFunction(char const*, int, double) [124]
[123]    0.0    0.00    0.00       1         CorrelationFunction::readData(char const*, double**, double**, double**, int*, int*) [123]
                0.00    0.00      47/47          CorrelationFunction::readLine(char*, double**, int*) [78]
-----------------------------------------------
                0.00    0.00       1/1           main [1]
[124]    0.0    0.00    0.00       1         CorrelationFunction::CorrelationFunction(char const*, int, double) [124]
                0.00    0.00       1/1           CorrelationFunction::readData(char const*, double**, double**, double**, int*, int*) [123]
                0.00    0.00       1/7           CorrelationFunction::interpolate() [79]
-----------------------------------------------
                0.00    0.00       1/1           main [1]
[125]    0.0    0.00    0.00       1         rescale_correlation::rescale_correlation(Parameters*) [125]
                0.00    0.00       1/1           Integrals::Integrals() [127]
                0.00    0.00       1/1           compute_integral::compute_integral() [122]
-----------------------------------------------
                0.00    0.00       1/1           main [1]
[126]    0.0    0.00    0.00       1         rescale_correlation::~rescale_correlation() [126]
-----------------------------------------------
                0.00    0.00       1/1           rescale_correlation::rescale_correlation(Parameters*) [125]
[127]    0.0    0.00    0.00       1         Integrals::Integrals() [127]
-----------------------------------------------

 This table describes the call tree of the program, and was sorted by
 the total amount of time spent in each function and its children.

 Each entry in this table consists of several lines.  The line with the
 index number at the left hand margin lists the current function.
 The lines above it list the functions that called this function,
 and the lines below it list the functions this one called.
 This line lists:
     index	A unique number given to each element of the table.
		Index numbers are sorted numerically.
		The index number is printed next to every function name so
		it is easier to look up where the function is in the table.

     % time	This is the percentage of the `total' time that was spent
		in this function and its children.  Note that due to
		different viewpoints, functions excluded by options, etc,
		these numbers will NOT add up to 100%.

     self	This is the total amount of time spent in this function.

     children	This is the total amount of time propagated into this
		function by its children.

     called	This is the number of times the function was called.
		If the function called itself recursively, the number
		only includes non-recursive calls, and is followed by
		a `+' and the number of recursive calls.

     name	The name of the current function.  The index number is
		printed after it.  If the function is a member of a
		cycle, the cycle number is printed between the
		function's name and the index number.


 For the function's parents, the fields have the following meanings:

     self	This is the amount of time that was propagated directly
		from the function into this parent.

     children	This is the amount of time that was propagated from
		the function's children into this parent.

     called	This is the number of times this parent called the
		function `/' the total number of times the function
		was called.  Recursive calls to the function are not
		included in the number after the `/'.

     name	This is the name of the parent.  The parent's index
		number is printed after it.  If the parent is a
		member of a cycle, the cycle number is printed between
		the name and the index number.

 If the parents of the function cannot be determined, the word
 `<spontaneous>' is printed in the `name' field, and all the other
 fields are blank.

 For the function's children, the fields have the following meanings:

     self	This is the amount of time that was propagated directly
		from the child into the function.

     children	This is the amount of time that was propagated from the
		child's children to the function.

     called	This is the number of times the function called
		this child `/' the total number of times the child
		was called.  Recursive calls by the child are not
		listed in the number after the `/'.

     name	This is the name of the child.  The child's index
		number is printed after it.  If the child is a
		member of a cycle, the cycle number is printed
		between the name and the index number.

 If there are any cycles (circles) in the call graph, there is an
 entry for the cycle-as-a-whole.  This entry shows who called the
 cycle (as parents) and the members of the cycle (as children.)
 The `+' recursive calls entry shows the number of function calls that
 were internal to the cycle, and the calls entry for each member shows,
 for that member, how many times it was called from other members of
 the cycle.

Copyright (C) 2012-2015 Free Software Foundation, Inc.

Copying and distribution of this file, with or without modification,
are permitted in any medium without royalty provided the copyright
notice and this notice are preserved.

Index by function name

 [113] _GLOBAL__sub_I__ZN6STimerC2Ev (grid_covariance.cpp) [122] compute_integral::compute_integral() [103] Integrals::sum_total_counts(unsigned long long&, unsigned long long&, unsigned long long&, unsigned long long&)
  [15] read_particles(double, int*, char const*, int, unsigned long long) [2] compute_integral::compute_integral(Grid*, Parameters*, CorrelationFunction*, RandomDraws*, SurveyCorrection*, int) [22] Integrals::frobenius_difference_sum(Integrals*, int, double&, double&, double&, double&)
  [45] compute_bounding_box(Particle*, int, ThreeVector<double>&, double, ThreeVector<double>&, int) [79] CorrelationFunction::interpolate() [88] Integrals::init(Parameters*)
  [29] legendre_polynomials(double, int, double*) [99] CorrelationFunction::copy_function(CorrelationFunction*) [5] Integrals::fifth(Particle const*, int const*, int, Particle, Particle, Particle, Particle, int, int, int, int, double, double const*, int const*, double const*, double const*, double const*, double const*, double, int, double*&, double&, double&, int&, int)
 [114] __static_initialization_and_destruction_0(int, int) (grid_covariance.cpp) [70] CorrelationFunction::xi(double) [83] Integrals::reset()
  [47] ceil3(ThreeVector<float>) [30] CorrelationFunction::xi(double, double) [6] Integrals::sixth(Particle const*, int const*, int, Particle, Particle, Particle, Particle, Particle, int, int, int, int, int, double, double const*, int const*, double const*, double const*, double const*, double const*, double, double, int, int)
  [41] floor3(ThreeVector<float>) [85] CorrelationFunction::copy(int&, int&, double**, double**, double**, double&, double&, double&, double&, bool&) [3] Integrals::third(Particle const*, int const*, int, Particle, Particle, int, int, double, double*&, int*&, double*&, double*&, double*&, double&, int&, int)
 [115] Parameters::create_directory() [123] CorrelationFunction::readData(char const*, double**, double**, double**, int*, int*) [4] Integrals::fourth(Particle const*, int const*, int, Particle, Particle, Particle, int, int, int, double, double const*, int const*, double const*, double const*, double const*, double, int, double*&, double*&, double&, int&, int)
 [116] Parameters::read_radial_binning(char*) [78] CorrelationFunction::readLine(char*, double**, int*) [9] Integrals::all_bins(double*, double*, int, int)
 [117] Parameters::read_radial_binning_cf(char*) [124] CorrelationFunction::CorrelationFunction(char const*, int, double) [34] Integrals::sum_ints(Integrals*)
  [48] Parameters::Parameters(int, char**) [86] CorrelationFunction::CorrelationFunction(CorrelationFunction*) [38] Integrals::cleanup_l(ThreeVector<double>, ThreeVector<double>, double&, double&)
  [93] RandomDraws::integData2(double**, long*, int (*)(unsigned int, double const*, void*, unsigned int, double*), int, double) [100] CorrelationFunction::CorrelationFunction() [21] Integrals::normalize(double, double, double, double, double)
  [36] RandomDraws::cubifyindex(int, int) [92] CorrelationFunction::~CorrelationFunction() [89] Integrals::Integrals(Parameters*, CorrelationFunction*, SurveyCorrection*)
  [19] RandomDraws::xi_integrand(unsigned int, double const*, void*, unsigned int, double*) [39] rescale_correlation::refine_wrapper(Parameters*, Grid*, CorrelationFunction*, RandomDraws*, int) [127] Integrals::Integrals()
  [25] RandomDraws::random_xidraw(gsl_rng*, double*) [125] rescale_correlation::rescale_correlation(Parameters*) [90] Integrals::~Integrals()
  [94] RandomDraws::compute_r2_prob(double**, long*, int, double) [126] rescale_correlation::~rescale_correlation() [28] PromoteNumeric<double, double>::type ThreeVector<double>::dot<double>(ThreeVector<double> const&) const
  [26] RandomDraws::random_cubedraw(gsl_rng*, double*) [24] Grid::pos_to_cell(ThreeVector<double>) [67] ThreeVector<double>::norm() const
  [95] RandomDraws::copy(RandomDraws*) [44] Grid::cell_id_from_1d(int) [91] std::uniform_int_distribution<unsigned int>::param_type::a() const
  [77] RandomDraws::r2prob(double, double) [23] Grid::copy(Grid*) [104] std::uniform_int_distribution<unsigned int>::param_type::b() const
 [118] RandomDraws::RandomDraws() [42] Grid::cell_sep(ThreeVector<int>) [105] std::random_device::random_device(std::__cxx11::basic_string<char, std::char_traits<char>, std::allocator<char> > const&)
  [96] RandomDraws::RandomDraws(CorrelationFunction*, Parameters*, double const*, long) [73] Grid::test_cell(ThreeVector<int>) [106] std::random_device::~random_device()
  [33] RandomDraws::~RandomDraws() [69] Grid::wrap_cell(ThreeVector<int>) [107] std::random_device::operator()()
  [75] ThreeVector<double>::ThreeVector() [7] Grid::Grid(Particle*, int, ThreeVector<double>, int, ThreeVector<double>, double) [108] std::numeric_limits<unsigned int>::max()
  [11] ThreeVector<double>::ThreeVector<double, double, double>(double, double, double) [46] Grid::Grid() [109] std::uniform_int_distribution<unsigned int>::param_type::param_type(unsigned int, unsigned int)
  [71] ThreeVector<float>::ThreeVector<double>(ThreeVector<double> const&) [101] Grid::~Grid() [110] std::uniform_int_distribution<unsigned int>::uniform_int_distribution(unsigned int, unsigned int)
  [31] ThreeVector<int>::ThreeVector() [80] STimer::Stop() [111] unsigned int std::uniform_int_distribution<unsigned int>::operator()<std::random_device>(std::random_device&)
  [68] ThreeVector<int>::ThreeVector<double>(ThreeVector<double> const&) [81] STimer::Start() [112] unsigned int std::uniform_int_distribution<unsigned int>::operator()<std::random_device>(std::random_device&, std::uniform_int_distribution<unsigned int>::param_type const&)
  [72] ThreeVector<int>::ThreeVector<int, int, int>(int, int, int) [82] STimer::Elapsed() [40] ThreeVector<PromoteNumeric<double, double>::type> operator/<double, double>(ThreeVector<double> const&, double)
  [14] SurveyCorrection::correction_function_3pcf(int, int, double) [84] STimer::STimer() [10] ThreeVector<PromoteNumeric<double, double>::type> operator-<double, double>(ThreeVector<double> const&, ThreeVector<double> const&)
 [119] SurveyCorrection::copy(SurveyCorrection*) [87] STimer::~STimer() [49] ThreeVector<PromoteNumeric<double, double>::type> operator*<double, double>(ThreeVector<double> const&, double)
 [120] SurveyCorrection::SurveyCorrection() [76] Particle::Particle() [43] ThreeVector<PromoteNumeric<double, int>::type> operator*<double, int>(double, ThreeVector<int> const&)
 [121] SurveyCorrection::SurveyCorrection(Parameters*) [35] Integrals::compute_los(ThreeVector<double>, ThreeVector<double>, double) [37] ThreeVector<PromoteNumeric<double, double>::type> operator+<double, double>(ThreeVector<double> const&, ThreeVector<double> const&)
  [97] SurveyCorrection::~SurveyCorrection() [102] Integrals::save_counts(unsigned long long, unsigned long long, unsigned long long, unsigned long long, int) [74] ThreeVector<PromoteNumeric<int, int>::type> operator+<int, int>(ThreeVector<int> const&, ThreeVector<int> const&)
  [98] compute_integral::check_threads(Parameters*, int) [12] Integrals::triangle_bins(ThreeVector<double>, ThreeVector<double>, ThreeVector<double>, double*, double*, double, int) [27] cut_region
   [8] compute_integral::draw_particle(ThreeVector<int>, Particle&, int&, ThreeVector<int>, Grid*, int&, gsl_rng*) [13] Integrals::get_radial_bin(double) [17] ransampl_draw
  [20] compute_integral::particle_list(int, Particle*&, int*&, Grid*) [32] Integrals::save_integrals(char*, bool, int) [18] rule15gauss_evalError
